=========================================================
Job submitted date = Thu 29 Feb 23:09:44 GMT 2024
1 nodes ( 1 processes per node )
1 hosts used: comp25
Job output begins
-----------------

┌ Warning: Module Distributions with build ID fafbfcfd-ff42-6253-0000-637ba33cefc3 is missing from the cache.
│ This may mean Distributions [31c24e10-a181-5473-b8eb-7969acd0382f] does not support precompilation but is imported by a module that does.
└ @ Base loading.jl:1942
┌ Warning: Module StatsBase with build ID fafbfcfd-a162-c9da-0000-637bb6ba2378 is missing from the cache.
│ This may mean StatsBase [2913bbd2-ae8a-5f71-8c99-4fb6c76f3a91] does not support precompilation but is imported by a module that does.
└ @ Base loading.jl:1942
┌ Warning: Module Plots with build ID ffffffff-ffff-ffff-0000-63bd6f7dabc9 is missing from the cache.
│ This may mean Plots [91a5bcdd-55d7-5caf-9e0b-520d859cae80] does not support precompilation but is imported by a module that does.
└ @ Base loading.jl:1942
filename: /mnt/users/jovanovic/GitHub/Subsystem-Code-Physics/Remote-Hydra/Toric_Code/toric_code-TEE-FermiBoseCond.jl
L: 18
d: 3
sys_type: Init_EdgeSquareLattice_KitaevDoNuT
p_f_max: 0.75
n_pf: 21
p_f_arr: [0.0, 0.0375, 0.075, 0.1125, 0.15, 0.1875, 0.225, 0.2625, 0.3, 0.3375, 0.375, 0.4125, 0.45, 0.4875, 0.525, 0.5625, 0.6, 0.6375, 0.675, 0.7125, 0.75]
p_b_max: 0.0
n_pb: 1
p_b_arr: [0.0]
t_final: 100000
n_t: 20
t_mmt: [1, 2, 3, 6, 11, 21, 38, 70, 127, 234, 428, 785, 1438, 2637, 4833, 8859, 16238, 29764, 54556, 100000]
exp_index: 85
GKS: cannot open display - headless operation mode active
---------------
Job output ends
=========================================================
PBS job: finished date = Fri 1 Mar 06:59:31 GMT 2024
Total run time : 7 Hours 42 Minutes 0 Seconds
=========================================================
