=========================================================
Job submitted date = Wed 20 Mar 15:21:56 GMT 2024
1 nodes ( 1 processes per node )
1 hosts used: comp49
Job output begins
-----------------

filename: /mnt/users/jovanovic/GitHub/Subsystem-Code-Physics/Remote-Hydra/Toric_Code/toric_code-TEE-FermiBoseCond.jl
L: 18
d: 3
sys_type: Init_EdgeSquareLattice_KitaevDoNuT
p_f_max: 1.0
n_pf: 21
p_f_arr: [0.0, 0.05, 0.1, 0.15, 0.2, 0.25, 0.3, 0.35, 0.4, 0.45, 0.5, 0.55, 0.6, 0.65, 0.7, 0.75, 0.8, 0.85, 0.9, 0.95, 1.0]
p_b_max: 1.0
n_pb: 21
p_b_arr: [0.0, 0.05, 0.1, 0.15, 0.2, 0.25, 0.3, 0.35, 0.4, 0.45, 0.5, 0.55, 0.6, 0.65, 0.7, 0.75, 0.8, 0.85, 0.9, 0.95, 1.0]
t_final: 100000
n_t: 6
t_mmt: [1, 10, 100, 1000, 10000, 20000, 30000, 40000, 50000, 60000, 70000, 80000, 90000, 100000]
n_subdiv: 12
exp_index: 93
subdiv_array: [2, 3, 4, 6, 8, 9, 10, 12, 14, 15, 16]
---------------
Job output ends
=========================================================
PBS job: finished date = Thu 21 Mar 06:11:06 GMT 2024
Total run time : 14 Hours 41 Minutes 20 Seconds
=========================================================
