=========================================================
Job submitted date = Thu 30 May 18:42:10 BST 2024
1 nodes ( 1 processes per node )
1 hosts used: comp65
Job output begins
-----------------

filename: /mnt/users/jovanovic/GitHub/Subsystem-Code-Physics/Remote-Hydra/Toric_Code/toric_code-SinglePointPD.jl
description: Single Points in the Phase Diagram, TEE and EE cut.
L: 30
d: 3
sys_type: Init_EdgeSquareLattice_KitaevDoNuT
p_f: 0.55
p_b: 0.1
p_fe: 0.0
n_t: 100
subdiv_array: [0, 1, 2, 3, 4, 5, 6, 7, 8, 9, 10, 11, 12, 13, 14, 15, 16, 17, 18, 19, 20, 21, 22, 23, 24, 25, 26, 27, 28, 29, 30]
exp_index: 338
---------------
Job output ends
=========================================================
PBS job: finished date = Fri 31 May 02:03:08 BST 2024
Total run time : 0 Hours 8 Minutes 14 Seconds
=========================================================
