=========================================================
Job submitted date = Tue 5 Mar 15:25:19 GMT 2024
1 nodes ( 1 processes per node )
1 hosts used: comp135
Job output begins
-----------------

filename: /mnt/users/jovanovic/GitHub/Subsystem-Code-Physics/Remote-Hydra/Toric_Code/toric_code-TEE-FermiBoseCond.jl
L: 18
d: 3
sys_type: Init_EdgeSquareLattice_KitaevDoNuT
p_f_max: 0.75
n_pf: 11
p_f_arr: [0.0, 0.075, 0.15, 0.225, 0.3, 0.375, 0.45, 0.525, 0.6, 0.675, 0.75]
p_b_max: 0.5
n_pb: 11
p_b_arr: [0.0, 0.05, 0.1, 0.15, 0.2, 0.25, 0.3, 0.35, 0.4, 0.45, 0.5]
t_final: 100000
n_t: 10
t_mmt: [1, 4, 13, 46, 167, 599, 2154, 7743, 27826, 100000]
n_subdiv: 11
exp_index: 5
