=========================================================
Job submitted date = Sun 2 Jun 11:20:52 BST 2024
1 nodes ( 1 processes per node )
1 hosts used: comp47
Job output begins
-----------------

filename: /mnt/users/jovanovic/GitHub/Subsystem-Code-Physics/Remote-Hydra/Toric_Code/toric_code-SinglePointPD.jl
description: Single Points in the Phase Diagram, TEE and EE cut.
L: 54
d: 3
sys_type: Init_EdgeSquareLattice_KitaevDoNuT
p_f: 0.55
p_b: 0.05
p_fe: 0.1
n_t: 100
subdiv_array: [0, 1, 2, 3, 4, 5, 6, 7, 8, 9, 10, 11, 12, 13, 14, 15, 16, 17, 18, 19, 20, 21, 22, 23, 24, 25, 26, 27, 28, 29, 30, 31, 32, 33, 34, 35, 36, 37, 38, 39, 40, 41, 42, 43, 44, 45, 46, 47, 48, 49, 50, 51, 52, 53, 54]
exp_index: 325
24770.545279 seconds (145.01 M allocations: 208.095 GiB, 0.09% gc time, 0.03% compilation time: <1% of which was recompilation)
---------------
Job output ends
=========================================================
PBS job: finished date = Mon 3 Jun 23:41:55 BST 2024
Total run time : 6 Hours 53 Minutes 1 Seconds
=========================================================
