=========================================================
Job submitted date = Wed 5 Jun 22:59:31 BST 2024
1 nodes ( 1 processes per node )
1 hosts used: comp69
Job output begins
-----------------

filename: /mnt/users/jovanovic/GitHub/Subsystem-Code-Physics/Remote-Hydra/Toric_Code/toric_code-Zassenhausen.jl
description: Single Points in the Phase Diagram, Zassenhausen fermi-fermi and bose-bose correlation function.
L: 30
d: 3
sys_type: Init_EdgeSquareLattice_KitaevDoNuT
p_f: 0.55
p_b: 0.0
n_t: 10
subdiv_array: [0, 1, 2, 3, 4, 5, 6, 7, 8, 9, 10, 11, 12, 13, 14, 15, 16, 17, 18, 19, 20, 21, 22, 23, 24, 25, 26, 27, 28, 29, 30]
exp_index: 163
523993.825081 seconds (36.39 G allocations: 77.070 TiB, 4.75% gc time, 0.00% compilation time: <1% of which was recompilation)
---------------
Job output ends
=========================================================
PBS job: finished date = Wed 12 Jun 00:39:04 BST 2024
Total run time : 145 Hours 33 Minutes 20 Seconds
=========================================================
