=========================================================
Job submitted date = Wed 20 Mar 15:22:17 GMT 2024
1 nodes ( 1 processes per node )
1 hosts used: comp70
Job output begins
-----------------

filename: /mnt/users/jovanovic/GitHub/Subsystem-Code-Physics/Remote-Hydra/Toric_Code/toric_code-TEE-FermiBoseCond.jl
L: 24
d: 3
sys_type: Init_EdgeSquareLattice_KitaevDoNuT
p_f_max: 1.0
n_pf: 21
p_f_arr: [0.0, 0.05, 0.1, 0.15, 0.2, 0.25, 0.3, 0.35, 0.4, 0.45, 0.5, 0.55, 0.6, 0.65, 0.7, 0.75, 0.8, 0.85, 0.9, 0.95, 1.0]
p_b_max: 1.0
n_pb: 21
p_b_arr: [0.0, 0.05, 0.1, 0.15, 0.2, 0.25, 0.3, 0.35, 0.4, 0.45, 0.5, 0.55, 0.6, 0.65, 0.7, 0.75, 0.8, 0.85, 0.9, 0.95, 1.0]
t_final: 100000
n_t: 6
t_mmt: [1, 10, 100, 1000, 10000, 20000, 30000, 40000, 50000, 60000, 70000, 80000, 90000, 100000]
n_subdiv: 12
exp_index: 347
subdiv_array: [2, 4, 6, 8, 10, 12, 14, 16, 18, 20, 22]
srun: Job step aborted: Waiting up to 32 seconds for job step to finish.
slurmstepd: error: *** JOB 108466 ON comp70 CANCELLED AT 2024-03-21T11:02:36 ***
slurmstepd: error: *** STEP 108466.0 ON comp70 CANCELLED AT 2024-03-21T11:02:36 ***

[3304774] signal (15): Terminated
in expression starting at /mnt/users/jovanovic/GitHub/Subsystem-Code-Physics/Remote-Hydra/Toric_Code/toric_code-TEE-FermiBoseCond.jl:131
toUInt64 at ./boot.jl:766 [inlined]
UInt64 at ./boot.jl:789 [inlined]
_copyto_bitarray! at ./bitarray.jl:524
BitArray at ./bitarray.jl:509
PauliOperator at /mnt/users/jovanovic/.julia/packages/QuantumClifford/GSQB5/src/pauli_operator.jl:51
ribs_stab at /mnt/users/jovanovic/GitHub/Subsystem-Code-Physics/AdditionalStructure/MICModels.jl:196
toric_code at /mnt/users/jovanovic/GitHub/Subsystem-Code-Physics/AdditionalStructure/MICModels.jl:54
#17 at /mnt/users/jovanovic/GitHub/Subsystem-Code-Physics/Remote-Hydra/Toric_Code/toric_code-TEE-FermiBoseCond.jl:75 [inlined]
iterate_measurements_only_fast! at /mnt/users/jovanovic/GitHub/Subsystem-Code-Physics/AdditionalStructure/Iterators.jl:34
main at /mnt/users/jovanovic/GitHub/Subsystem-Code-Physics/Remote-Hydra/Toric_Code/toric_code-TEE-FermiBoseCond.jl:75
unknown function (ip: 0x7f9559a5ae85)
_jl_invoke at /cache/build/builder-amdci4-6/julialang/julia-release-1-dot-10/src/gf.c:2894 [inlined]
ijl_apply_generic at /cache/build/builder-amdci4-6/julialang/julia-release-1-dot-10/src/gf.c:3076
jl_apply at /cache/build/builder-amdci4-6/julialang/julia-release-1-dot-10/src/julia.h:1982 [inlined]
do_call at /cache/build/builder-amdci4-6/julialang/julia-release-1-dot-10/src/interpreter.c:126
eval_value at /cache/build/builder-amdci4-6/julialang/julia-release-1-dot-10/src/interpreter.c:223
eval_stmt_value at /cache/build/builder-amdci4-6/julialang/julia-release-1-dot-10/src/interpreter.c:174 [inlined]
eval_body at /cache/build/builder-amdci4-6/julialang/julia-release-1-dot-10/src/interpreter.c:617
jl_interpret_toplevel_thunk at /cache/build/builder-amdci4-6/julialang/julia-release-1-dot-10/src/interpreter.c:775
jl_toplevel_eval_flex at /cache/build/builder-amdci4-6/julialang/julia-release-1-dot-10/src/toplevel.c:934
jl_toplevel_eval_flex at /cache/build/builder-amdci4-6/julialang/julia-release-1-dot-10/src/toplevel.c:877
jl_toplevel_eval_flex at /cache/build/builder-amdci4-6/julialang/julia-release-1-dot-10/src/toplevel.c:877
ijl_toplevel_eval_in at /cache/build/builder-amdci4-6/julialang/julia-release-1-dot-10/src/toplevel.c:985
eval at ./boot.jl:385 [inlined]
include_string at ./loading.jl:2070
_jl_invoke at /cache/build/builder-amdci4-6/julialang/julia-release-1-dot-10/src/gf.c:2894 [inlined]
ijl_apply_generic at /cache/build/builder-amdci4-6/julialang/julia-release-1-dot-10/src/gf.c:3076
_include at ./loading.jl:2130
include at ./Base.jl:495
