=========================================================
Job submitted date = Thu 29 Feb 23:09:45 GMT 2024
1 nodes ( 1 processes per node )
1 hosts used: comp130
Job output begins
-----------------

┌ Warning: The call to compilecache failed to create a usable precompiled cache file for Plots [91a5bcdd-55d7-5caf-9e0b-520d859cae80]
│   exception = Required dependency Showoff [992d4aef-0814-514b-bc4d-f2e9a6c4116f] failed to load from a cache file.
└ @ Base loading.jl:1986
┌ Warning: Module Plots with build ID ffffffff-ffff-ffff-0006-e07496d47cab is missing from the cache.
│ This may mean Plots [91a5bcdd-55d7-5caf-9e0b-520d859cae80] does not support precompilation but is imported by a module that does.
└ @ Base loading.jl:1942
filename: /mnt/users/jovanovic/GitHub/Subsystem-Code-Physics/Remote-Hydra/Toric_Code/toric_code-TEE-FermiBoseCond.jl
L: 21
d: 3
sys_type: Init_EdgeSquareLattice_KitaevDoNuT
p_f_max: 0.75
n_pf: 21
p_f_arr: [0.0, 0.0375, 0.075, 0.1125, 0.15, 0.1875, 0.225, 0.2625, 0.3, 0.3375, 0.375, 0.4125, 0.45, 0.4875, 0.525, 0.5625, 0.6, 0.6375, 0.675, 0.7125, 0.75]
p_b_max: 0.0
n_pb: 1
p_b_arr: [0.0]
t_final: 100000
n_t: 20
t_mmt: [1, 2, 3, 6, 11, 21, 38, 70, 127, 234, 428, 785, 1438, 2637, 4833, 8859, 16238, 29764, 54556, 100000]
exp_index: 98
