=========================================================
Job submitted date = Thu 28 Mar 13:29:50 GMT 2024
1 nodes ( 1 processes per node )
1 hosts used: comp18
Job output begins
-----------------

ERROR: LoadError: ArgumentError: Package JSON3 not found in current path.
- Run `import Pkg; Pkg.add("JSON3")` to install the JSON3 package.
Stacktrace:
 [1] macro expansion
   @ Base ./loading.jl:1766 [inlined]
 [2] macro expansion
   @ Base ./lock.jl:267 [inlined]
 [3] __require(into::Module, mod::Symbol)
   @ Base ./loading.jl:1747
 [4] #invoke_in_world#3
   @ Base ./essentials.jl:921 [inlined]
 [5] invoke_in_world
   @ Base ./essentials.jl:918 [inlined]
 [6] require(into::Module, mod::Symbol)
   @ Base ./loading.jl:1740
in expression starting at /mnt/users/jovanovic/GitHub/Subsystem-Code-Physics/Remote-Hydra/Toric_Code/toric_code-TEE-FermiBoseCond.jl:9
srun: error: comp18: task 0: Exited with exit code 1
---------------
Job output ends
=========================================================
PBS job: finished date = Thu 28 Mar 13:55:53 GMT 2024
Total run time : 0 Hours 0 Minutes 7 Seconds
=========================================================
