=========================================================
Job submitted date = Thu 28 Mar 14:43:21 GMT 2024
1 nodes ( 1 processes per node )
1 hosts used: comp60
Job output begins
-----------------

filename: /mnt/users/jovanovic/GitHub/Subsystem-Code-Physics/Remote-Hydra/Toric_Code/toric_code-TEE-FermiBoseCond.jl
L: 30
d: 3
sys_type: Init_EdgeSquareLattice_KitaevDoNuT
p_f_arr: [0.55]
p_b_arr: [0.0, 0.1, 0.35]
subdiv_array: [0, 1, 2, 3, 4, 5, 6, 7, 8, 9, 10, 11, 12, 13, 14, 15, 16, 17, 18, 19, 20, 21, 22, 23, 24, 25, 26, 27, 28, 29, 30]
exp_index: 698
---------------
Job output ends
=========================================================
PBS job: finished date = Fri 29 Mar 13:18:04 GMT 2024
Total run time : 0 Hours 30 Minutes 33 Seconds
=========================================================
