=========================================================
Job submitted date = Thu 21 Mar 14:03:13 GMT 2024
1 nodes ( 1 processes per node )
1 hosts used: comp61
Job output begins
-----------------

filename: /mnt/users/jovanovic/GitHub/Subsystem-Code-Physics/Remote-Hydra/Toric_Code/toric_code-TEE-FermiBoseCond.jl
L: 21
d: 3
sys_type: Init_EdgeSquareLattice_KitaevDoNuT
p_f_max: 1.0
n_pf: 21
p_f_arr: [0.0, 0.05, 0.1, 0.15, 0.2, 0.25, 0.3, 0.35, 0.4, 0.45, 0.5, 0.55, 0.6, 0.65, 0.7, 0.75, 0.8, 0.85, 0.9, 0.95, 1.0]
p_b_max: 1.0
n_pb: 21
p_b_arr: [0.0, 0.05, 0.1, 0.15, 0.2, 0.25, 0.3, 0.35, 0.4, 0.45, 0.5, 0.55, 0.6, 0.65, 0.7, 0.75, 0.8, 0.85, 0.9, 0.95, 1.0]
t_final: 20000
n_t: 5
n_t_new: 15
t_mmt: [1, 12, 141, 1682, 3364, 5046, 6728, 8410, 10092, 11774, 13456, 15138, 16820, 18502, 20000]
n_subdiv: 12
exp_index: 138
subdiv_array: [2, 4, 5, 7, 9, 10, 12, 14, 16, 18, 19]
