=========================================================
Job submitted date = Wed 6 Mar 16:31:38 GMT 2024
1 nodes ( 1 processes per node )
1 hosts used: comp134
Job output begins
-----------------

filename: /mnt/users/jovanovic/GitHub/Subsystem-Code-Physics/Remote-Hydra/Toric_Code/toric_code-TEE-FermiBoseCond.jl
L: 24
d: 3
sys_type: Init_EdgeSquareLattice_KitaevDoNuT
p_f_max: 0.5
n_pf: 11
p_f_arr: [0.0, 0.05, 0.1, 0.15, 0.2, 0.25, 0.3, 0.35, 0.4, 0.45, 0.5]
p_b_max: 0.5
n_pb: 11
p_b_arr: [0.0, 0.05, 0.1, 0.15, 0.2, 0.25, 0.3, 0.35, 0.4, 0.45, 0.5]
t_final: 100000
n_t: 10
t_mmt: [1, 4, 13, 46, 167, 599, 2154, 7743, 27826, 100000]
n_subdiv: 11
exp_index: 367
slurmstepd: error: _cgroup_procs_check: failed on path /sys/fs/cgroup/system.slice/slurmstepd.scope/job_78902/step_batch/slurm/cgroup.procs: Permission denied
slurmstepd: error: unable to read '/sys/fs/cgroup/system.slice/slurmstepd.scope/job_78902/step_batch/slurm/cgroup.procs'
slurmstepd: error: _cgroup_procs_check: failed on path /sys/fs/cgroup/system.slice/slurmstepd.scope/job_78902/step_batch/user/task_0/cgroup.procs: Permission denied
slurmstepd: error: unable to read '/sys/fs/cgroup/system.slice/slurmstepd.scope/job_78902/step_batch/user/task_0/cgroup.procs'
slurmstepd: error: _cgroup_procs_check: failed on path /sys/fs/cgroup/system.slice/slurmstepd.scope/job_78902/step_0/slurm/cgroup.procs: Permission denied
slurmstepd: error: unable to read '/sys/fs/cgroup/system.slice/slurmstepd.scope/job_78902/step_0/slurm/cgroup.procs'
slurmstepd: error: _cgroup_procs_check: failed on path /sys/fs/cgroup/system.slice/slurmstepd.scope/job_78902/step_0/user/task_0/cgroup.procs: Permission denied
slurmstepd: error: unable to read '/sys/fs/cgroup/system.slice/slurmstepd.scope/job_78902/step_0/user/task_0/cgroup.procs'
slurmstepd: error: _cgroup_procs_check: failed on path /sys/fs/cgroup/system.slice/slurmstepd.scope/job_78902/step_batch/slurm/cgroup.procs: Permission denied
slurmstepd: error: unable to read '/sys/fs/cgroup/system.slice/slurmstepd.scope/job_78902/step_batch/slurm/cgroup.procs'
slurmstepd: error: _cgroup_procs_check: failed on path /sys/fs/cgroup/system.slice/slurmstepd.scope/job_78902/step_batch/user/task_0/cgroup.procs: Permission denied
slurmstepd: error: unable to read '/sys/fs/cgroup/system.slice/slurmstepd.scope/job_78902/step_batch/user/task_0/cgroup.procs'
slurmstepd: error: _cgroup_procs_check: failed on path /sys/fs/cgroup/system.slice/slurmstepd.scope/job_78902/step_0/slurm/cgroup.procs: Permission denied
slurmstepd: error: unable to read '/sys/fs/cgroup/system.slice/slurmstepd.scope/job_78902/step_0/slurm/cgroup.procs'
slurmstepd: error: _cgroup_procs_check: failed on path /sys/fs/cgroup/system.slice/slurmstepd.scope/job_78902/step_0/user/task_0/cgroup.procs: Permission denied
slurmstepd: error: unable to read '/sys/fs/cgroup/system.slice/slurmstepd.scope/job_78902/step_0/user/task_0/cgroup.procs'
slurmstepd: error: _cgroup_procs_check: failed on path /sys/fs/cgroup/system.slice/slurmstepd.scope/job_78902/step_batch/slurm/cgroup.procs: Permission denied
slurmstepd: error: unable to read '/sys/fs/cgroup/system.slice/slurmstepd.scope/job_78902/step_batch/slurm/cgroup.procs'
slurmstepd: error: _cgroup_procs_check: failed on path /sys/fs/cgroup/system.slice/slurmstepd.scope/job_78902/step_batch/user/task_0/cgroup.procs: Permission denied
slurmstepd: error: unable to read '/sys/fs/cgroup/system.slice/slurmstepd.scope/job_78902/step_batch/user/task_0/cgroup.procs'
slurmstepd: error: _cgroup_procs_check: failed on path /sys/fs/cgroup/system.slice/slurmstepd.scope/job_78902/step_0/slurm/cgroup.procs: Permission denied
slurmstepd: error: unable to read '/sys/fs/cgroup/system.slice/slurmstepd.scope/job_78902/step_0/slurm/cgroup.procs'
slurmstepd: error: _cgroup_procs_check: failed on path /sys/fs/cgroup/system.slice/slurmstepd.scope/job_78902/step_0/user/task_0/cgroup.procs: Permission denied
slurmstepd: error: unable to read '/sys/fs/cgroup/system.slice/slurmstepd.scope/job_78902/step_0/user/task_0/cgroup.procs'
slurmstepd: error: _cgroup_procs_check: failed on path /sys/fs/cgroup/system.slice/slurmstepd.scope/job_78902/step_batch/slurm/cgroup.procs: Permission denied
slurmstepd: error: unable to read '/sys/fs/cgroup/system.slice/slurmstepd.scope/job_78902/step_batch/slurm/cgroup.procs'
slurmstepd: error: _cgroup_procs_check: failed on path /sys/fs/cgroup/system.slice/slurmstepd.scope/job_78902/step_batch/user/task_0/cgroup.procs: Permission denied
slurmstepd: error: unable to read '/sys/fs/cgroup/system.slice/slurmstepd.scope/job_78902/step_batch/user/task_0/cgroup.procs'
slurmstepd: error: _cgroup_procs_check: failed on path /sys/fs/cgroup/system.slice/slurmstepd.scope/job_78902/step_0/slurm/cgroup.procs: Permission denied
slurmstepd: error: unable to read '/sys/fs/cgroup/system.slice/slurmstepd.scope/job_78902/step_0/slurm/cgroup.procs'
slurmstepd: error: _cgroup_procs_check: failed on path /sys/fs/cgroup/system.slice/slurmstepd.scope/job_78902/step_0/user/task_0/cgroup.procs: Permission denied
slurmstepd: error: unable to read '/sys/fs/cgroup/system.slice/slurmstepd.scope/job_78902/step_0/user/task_0/cgroup.procs'
---------------
Job output ends
=========================================================
PBS job: finished date = Mon 11 Mar 22:21:14 GMT 2024
Total run time : 107 Hours 43 Minutes 27 Seconds
=========================================================
