=========================================================
Job submitted date = Sun 2 Jun 11:13:54 BST 2024
1 nodes ( 1 processes per node )
1 hosts used: comp20
Job output begins
-----------------

filename: /mnt/users/jovanovic/GitHub/Subsystem-Code-Physics/Remote-Hydra/Toric_Code/toric_code-Zassenhausen.jl
description: Single Points in the Phase Diagram, Zassenhausen fermi-fermi and bose-bose correlation function.
L: 15
d: 3
sys_type: Init_EdgeSquareLattice_KitaevDoNuT
p_f: 0.55
p_b: 0.0
n_t: 3
subdiv_array: [0, 1, 2, 3, 4, 5, 6, 7, 8, 9, 10, 11, 12, 13, 14, 15]
exp_index: 1
Debug mode is on!
GKS: cannot open display - headless operation mode active
1568.313552 seconds (622.55 M allocations: 441.536 GiB, 13.43% gc time, 1.15% compilation time: 9% of which was recompilation)
---------------
Job output ends
=========================================================
PBS job: finished date = Sun 2 Jun 11:57:32 BST 2024
Total run time : 0 Hours 26 Minutes 23 Seconds
=========================================================
