=========================================================
Job submitted date = Sun 2 Jun 15:21:08 BST 2024
1 nodes ( 1 processes per node )
1 hosts used: comp58
Job output begins
-----------------

filename: /mnt/users/jovanovic/GitHub/Subsystem-Code-Physics/Remote-Hydra/Toric_Code/toric_code-Zassenhausen.jl
description: Single Points in the Phase Diagram, Zassenhausen fermi-fermi and bose-bose correlation function.
L: 42
d: 3
sys_type: Init_EdgeSquareLattice_KitaevDoNuT
p_f: 0.55
p_b: 0.0
n_t: 10
subdiv_array: [0, 1, 2, 3, 4, 5, 6, 7, 8, 9, 10, 11, 12, 13, 14, 15, 16, 17, 18, 19, 20, 21, 22, 23, 24, 25, 26, 27, 28, 29, 30, 31, 32, 33, 34, 35, 36, 37, 38, 39, 40, 41, 42]
exp_index: 118
srun: Job step aborted: Waiting up to 32 seconds for job step to finish.
slurmstepd: error: *** STEP 341418.0 ON comp58 CANCELLED AT 2024-06-05T21:24:27 ***
slurmstepd: error: *** JOB 341418 ON comp58 CANCELLED AT 2024-06-05T21:24:27 ***

[667298] signal (15): Terminated
in expression starting at /mnt/users/jovanovic/GitHub/Subsystem-Code-Physics/Remote-Hydra/Toric_Code/toric_code-Zassenhausen.jl:132
_growend! at ./array.jl:1072 [inlined]
push! at ./array.jl:1119 [inlined]
grow_to! at ./array.jl:933
grow_to! at ./array.jl:911
_collect at ./array.jl:811 [inlined]
collect at ./array.jl:759 [inlined]
zbit at /mnt/users/jovanovic/.julia/packages/QuantumClifford/GSQB5/src/pauli_operator.jl:77
tensor at /mnt/users/jovanovic/.julia/packages/QuantumClifford/GSQB5/src/QuantumClifford.jl:744
zassenhausen_map_f at /mnt/users/jovanovic/GitHub/Subsystem-Code-Physics/AdditionalStructure/Julia/HelperTools.jl:187
unknown function (ip: 0x7fcd0e14cdf7)
_jl_invoke at /cache/build/builder-amdci4-6/julialang/julia-release-1-dot-10/src/gf.c:2894 [inlined]
ijl_apply_generic at /cache/build/builder-amdci4-6/julialang/julia-release-1-dot-10/src/gf.c:3076
zassenhausen_state at /mnt/users/jovanovic/GitHub/Subsystem-Code-Physics/AdditionalStructure/Julia/HelperTools.jl:201
zassenhausen_alg at /mnt/users/jovanovic/GitHub/Subsystem-Code-Physics/AdditionalStructure/Julia/HelperTools.jl:232
general_zassenhausen_correlator at /mnt/users/jovanovic/GitHub/Subsystem-Code-Physics/AdditionalStructure/Julia/Measurements.jl:144
main at /mnt/users/jovanovic/GitHub/Subsystem-Code-Physics/Remote-Hydra/Toric_Code/toric_code-Zassenhausen.jl:69
unknown function (ip: 0x7fcd0e120cc5)
_jl_invoke at /cache/build/builder-amdci4-6/julialang/julia-release-1-dot-10/src/gf.c:2894 [inlined]
ijl_apply_generic at /cache/build/builder-amdci4-6/julialang/julia-release-1-dot-10/src/gf.c:3076
macro expansion at ./timing.jl:279 [inlined]
top-level scope at /mnt/users/jovanovic/GitHub/Subsystem-Code-Physics/Remote-Hydra/Toric_Code/toric_code-Zassenhausen.jl:269
jl_toplevel_eval_flex at /cache/build/builder-amdci4-6/julialang/julia-release-1-dot-10/src/toplevel.c:925
jl_toplevel_eval_flex at /cache/build/builder-amdci4-6/julialang/julia-release-1-dot-10/src/toplevel.c:877
jl_toplevel_eval_flex at /cache/build/builder-amdci4-6/julialang/julia-release-1-dot-10/src/toplevel.c:877
ijl_toplevel_eval_in at /cache/build/builder-amdci4-6/julialang/julia-release-1-dot-10/src/toplevel.c:985
