=========================================================
Job submitted date = Sun 2 Jun 15:21:10 BST 2024
1 nodes ( 1 processes per node )
1 hosts used: comp95
Job output begins
-----------------

filename: /mnt/users/jovanovic/GitHub/Subsystem-Code-Physics/Remote-Hydra/Toric_Code/toric_code-Zassenhausen.jl
description: Single Points in the Phase Diagram, Zassenhausen fermi-fermi and bose-bose correlation function.
L: 30
d: 3
sys_type: Init_EdgeSquareLattice_KitaevDoNuT
p_f: 0.0
p_b: 0.15
n_t: 10
subdiv_array: [0, 1, 2, 3, 4, 5, 6, 7, 8, 9, 10, 11, 12, 13, 14, 15, 16, 17, 18, 19, 20, 21, 22, 23, 24, 25, 26, 27, 28, 29, 30]
exp_index: 135
srun: Job step aborted: Waiting up to 32 seconds for job step to finish.
slurmstepd: error: *** JOB 341437 ON comp95 CANCELLED AT 2024-06-05T21:24:27 ***
slurmstepd: error: *** STEP 341437.0 ON comp95 CANCELLED AT 2024-06-05T21:24:27 ***

[2419110] signal (15): Terminated
in expression starting at /mnt/users/jovanovic/GitHub/Subsystem-Code-Physics/Remote-Hydra/Toric_Code/toric_code-Zassenhausen.jl:132
unknown function (ip: 0x7fb6a550dfac)
memmove at ./cmem.jl:26 [inlined]
unsafe_copyto! at ./array.jl:337 [inlined]
_copyto_impl! at ./array.jl:376
copyto! at ./array.jl:368 [inlined]
getindex at ./array.jl:977 [inlined]
xbit at /mnt/users/jovanovic/.julia/packages/QuantumClifford/GSQB5/src/pauli_operator.jl:71
tensor at /mnt/users/jovanovic/.julia/packages/QuantumClifford/GSQB5/src/QuantumClifford.jl:744
zassenhausen_map_f at /mnt/users/jovanovic/GitHub/Subsystem-Code-Physics/AdditionalStructure/Julia/HelperTools.jl:187
unknown function (ip: 0x7fb68e13b217)
_jl_invoke at /cache/build/builder-amdci4-6/julialang/julia-release-1-dot-10/src/gf.c:2894 [inlined]
ijl_apply_generic at /cache/build/builder-amdci4-6/julialang/julia-release-1-dot-10/src/gf.c:3076
zassenhausen_state at /mnt/users/jovanovic/GitHub/Subsystem-Code-Physics/AdditionalStructure/Julia/HelperTools.jl:219
zassenhausen_alg at /mnt/users/jovanovic/GitHub/Subsystem-Code-Physics/AdditionalStructure/Julia/HelperTools.jl:242
general_zassenhausen_correlator at /mnt/users/jovanovic/GitHub/Subsystem-Code-Physics/AdditionalStructure/Julia/Measurements.jl:143
main at /mnt/users/jovanovic/GitHub/Subsystem-Code-Physics/Remote-Hydra/Toric_Code/toric_code-Zassenhausen.jl:69
unknown function (ip: 0x7fb68e120c25)
_jl_invoke at /cache/build/builder-amdci4-6/julialang/julia-release-1-dot-10/src/gf.c:2894 [inlined]
ijl_apply_generic at /cache/build/builder-amdci4-6/julialang/julia-release-1-dot-10/src/gf.c:3076
macro expansion at ./timing.jl:279 [inlined]
top-level scope at /mnt/users/jovanovic/GitHub/Subsystem-Code-Physics/Remote-Hydra/Toric_Code/toric_code-Zassenhausen.jl:269
jl_toplevel_eval_flex at /cache/build/builder-amdci4-6/julialang/julia-release-1-dot-10/src/toplevel.c:925
jl_toplevel_eval_flex at /cache/build/builder-amdci4-6/julialang/julia-release-1-dot-10/src/toplevel.c:877
jl_toplevel_eval_flex at /cache/build/builder-amdci4-6/julialang/julia-release-1-dot-10/src/toplevel.c:877
ijl_toplevel_eval_in at /cache/build/builder-amdci4-6/julialang/julia-release-1-dot-10/src/toplevel.c:985
