=========================================================
Job submitted date = Sun 2 Jun 15:21:11 BST 2024
1 nodes ( 1 processes per node )
1 hosts used: comp50
Job output begins
-----------------

filename: /mnt/users/jovanovic/GitHub/Subsystem-Code-Physics/Remote-Hydra/Toric_Code/toric_code-Zassenhausen.jl
description: Single Points in the Phase Diagram, Zassenhausen fermi-fermi and bose-bose correlation function.
L: 42
d: 3
sys_type: Init_EdgeSquareLattice_KitaevDoNuT
p_f: 0.2
p_b: 0.21
n_t: 10
subdiv_array: [0, 1, 2, 3, 4, 5, 6, 7, 8, 9, 10, 11, 12, 13, 14, 15, 16, 17, 18, 19, 20, 21, 22, 23, 24, 25, 26, 27, 28, 29, 30, 31, 32, 33, 34, 35, 36, 37, 38, 39, 40, 41, 42]
exp_index: 149
srun: Job step aborted: Waiting up to 32 seconds for job step to finish.
slurmstepd: error: *** JOB 341452 ON comp50 CANCELLED AT 2024-06-05T21:24:27 ***
slurmstepd: error: *** STEP 341452.0 ON comp50 CANCELLED AT 2024-06-05T21:24:27 ***

[620694] signal (15): Terminated
in expression starting at /mnt/users/jovanovic/GitHub/Subsystem-Code-Physics/Remote-Hydra/Toric_Code/toric_code-Zassenhausen.jl:132
jl_array_grow_at_end at /cache/build/builder-amdci4-6/julialang/julia-release-1-dot-10/src/array.c:926
_growend! at ./array.jl:1072 [inlined]
push! at ./array.jl:1119 [inlined]
grow_to! at ./array.jl:933
grow_to! at ./array.jl:911
_collect at ./array.jl:811 [inlined]
collect at ./array.jl:759 [inlined]
xbit at /mnt/users/jovanovic/.julia/packages/QuantumClifford/GSQB5/src/pauli_operator.jl:71
getindex at /mnt/users/jovanovic/.julia/packages/QuantumClifford/GSQB5/src/pauli_operator.jl:91
#27 at ./none:0 [inlined]
iterate at ./generator.jl:47 [inlined]
collect_to! at ./array.jl:892 [inlined]
collect_to_with_first! at ./array.jl:870 [inlined]
collect at ./array.jl:844
