=========================================================
Job submitted date = Sun 2 Jun 15:21:17 BST 2024
1 nodes ( 1 processes per node )
1 hosts used: comp135
Job output begins
-----------------

filename: /mnt/users/jovanovic/GitHub/Subsystem-Code-Physics/Remote-Hydra/Toric_Code/toric_code-Zassenhausen.jl
description: Single Points in the Phase Diagram, Zassenhausen fermi-fermi and bose-bose correlation function.
L: 42
d: 3
sys_type: Init_EdgeSquareLattice_KitaevDoNuT
p_f: 0.2
p_b: 0.21
n_t: 10
subdiv_array: [0, 1, 2, 3, 4, 5, 6, 7, 8, 9, 10, 11, 12, 13, 14, 15, 16, 17, 18, 19, 20, 21, 22, 23, 24, 25, 26, 27, 28, 29, 30, 31, 32, 33, 34, 35, 36, 37, 38, 39, 40, 41, 42]
exp_index: 215
srun: Job step aborted: Waiting up to 32 seconds for job step to finish.
slurmstepd: error: *** STEP 341526.0 ON comp135 CANCELLED AT 2024-06-05T21:24:27 ***
slurmstepd: error: *** JOB 341526 ON comp135 CANCELLED AT 2024-06-05T21:24:27 ***

[658921] signal (15): Terminated
in expression starting at /mnt/users/jovanovic/GitHub/Subsystem-Code-Physics/Remote-Hydra/Toric_Code/toric_code-Zassenhausen.jl:132
unknown function (ip: 0x7f1bbd61d65e)
unknown function (ip: 0x7f1bbd61dd4e)
posix_memalign at /lib/x86_64-linux-gnu/libc.so.6 (unknown line)
jl_malloc_aligned at /cache/build/builder-amdci4-6/julialang/julia-release-1-dot-10/src/gc.c:272 [inlined]
jl_gc_big_alloc_inner at /cache/build/builder-amdci4-6/julialang/julia-release-1-dot-10/src/gc.c:1016 [inlined]
jl_gc_big_alloc_noinline at /cache/build/builder-amdci4-6/julialang/julia-release-1-dot-10/src/gc.c:1045 [inlined]
jl_gc_alloc_ at /cache/build/builder-amdci4-6/julialang/julia-release-1-dot-10/src/julia_internal.h:482 [inlined]
jl_gc_alloc at /cache/build/builder-amdci4-6/julialang/julia-release-1-dot-10/src/gc.c:3570
_new_array_ at /cache/build/builder-amdci4-6/julialang/julia-release-1-dot-10/src/array.c:134 [inlined]
_new_array at /cache/build/builder-amdci4-6/julialang/julia-release-1-dot-10/src/array.c:198 [inlined]
ijl_alloc_array_1d at /cache/build/builder-amdci4-6/julialang/julia-release-1-dot-10/src/array.c:436
Array at ./boot.jl:477 [inlined]
vcat at ./array.jl:2036
tensor at /mnt/users/jovanovic/.julia/packages/QuantumClifford/GSQB5/src/QuantumClifford.jl:744
zassenhausen_map_h at /mnt/users/jovanovic/GitHub/Subsystem-Code-Physics/AdditionalStructure/Julia/HelperTools.jl:192 [inlined]
zassenhausen_state at /mnt/users/jovanovic/GitHub/Subsystem-Code-Physics/AdditionalStructure/Julia/HelperTools.jl:205
zassenhausen_alg at /mnt/users/jovanovic/GitHub/Subsystem-Code-Physics/AdditionalStructure/Julia/HelperTools.jl:232
general_zassenhausen_correlator at /mnt/users/jovanovic/GitHub/Subsystem-Code-Physics/AdditionalStructure/Julia/Measurements.jl:144
main at /mnt/users/jovanovic/GitHub/Subsystem-Code-Physics/Remote-Hydra/Toric_Code/toric_code-Zassenhausen.jl:69
unknown function (ip: 0x7f1ba6320ca5)
_jl_invoke at /cache/build/builder-amdci4-6/julialang/julia-release-1-dot-10/src/gf.c:2894 [inlined]
ijl_apply_generic at /cache/build/builder-amdci4-6/julialang/julia-release-1-dot-10/src/gf.c:3076
macro expansion at ./timing.jl:279 [inlined]
top-level scope at /mnt/users/jovanovic/GitHub/Subsystem-Code-Physics/Remote-Hydra/Toric_Code/toric_code-Zassenhausen.jl:269
jl_toplevel_eval_flex at /cache/build/builder-amdci4-6/julialang/julia-release-1-dot-10/src/toplevel.c:925
jl_toplevel_eval_flex at /cache/build/builder-amdci4-6/julialang/julia-release-1-dot-10/src/toplevel.c:877
jl_toplevel_eval_flex at /cache/build/builder-amdci4-6/julialang/julia-release-1-dot-10/src/toplevel.c:877
ijl_toplevel_eval_in at /cache/build/builder-amdci4-6/julialang/julia-release-1-dot-10/src/toplevel.c:985
