=========================================================
Job submitted date = Sun 2 Jun 15:21:17 BST 2024
1 nodes ( 1 processes per node )
1 hosts used: comp135
Job output begins
-----------------

filename: /mnt/users/jovanovic/GitHub/Subsystem-Code-Physics/Remote-Hydra/Toric_Code/toric_code-Zassenhausen.jl
description: Single Points in the Phase Diagram, Zassenhausen fermi-fermi and bose-bose correlation function.
L: 42
d: 3
sys_type: Init_EdgeSquareLattice_KitaevDoNuT
p_f: 0.55
p_b: 0.0
n_t: 10
subdiv_array: [0, 1, 2, 3, 4, 5, 6, 7, 8, 9, 10, 11, 12, 13, 14, 15, 16, 17, 18, 19, 20, 21, 22, 23, 24, 25, 26, 27, 28, 29, 30, 31, 32, 33, 34, 35, 36, 37, 38, 39, 40, 41, 42]
exp_index: 214
srun: Job step aborted: Waiting up to 32 seconds for job step to finish.
slurmstepd: error: *** JOB 341525 ON comp135 CANCELLED AT 2024-06-05T21:24:27 ***
slurmstepd: error: *** STEP 341525.0 ON comp135 CANCELLED AT 2024-06-05T21:24:27 ***

[658871] signal (15): Terminated
in expression starting at /mnt/users/jovanovic/GitHub/Subsystem-Code-Physics/Remote-Hydra/Toric_Code/toric_code-Zassenhausen.jl:132
getindex at ./essentials.jl:13 [inlined]
getindex at ./subarray.jl:321 [inlined]
macro expansion at /mnt/users/jovanovic/.julia/packages/QuantumClifford/GSQB5/src/QuantumClifford.jl:709 [inlined]
macro expansion at ./simdloop.jl:77 [inlined]
comm at /mnt/users/jovanovic/.julia/packages/QuantumClifford/GSQB5/src/QuantumClifford.jl:708 [inlined]
comm at /mnt/users/jovanovic/.julia/packages/QuantumClifford/GSQB5/src/QuantumClifford.jl:719 [inlined]
anticomm_update_rows at /mnt/users/jovanovic/.julia/packages/QuantumClifford/GSQB5/src/project_trace_reset.jl:329 [inlined]
#_project!#108 at /mnt/users/jovanovic/.julia/packages/QuantumClifford/GSQB5/src/project_trace_reset.jl:417
_project! at /mnt/users/jovanovic/.julia/packages/QuantumClifford/GSQB5/src/project_trace_reset.jl:378 [inlined]
macro expansion at /mnt/users/jovanovic/.julia/packages/QuantumClifford/GSQB5/src/macrotools.jl:14 [inlined]
#project!#103 at /mnt/users/jovanovic/.julia/packages/QuantumClifford/GSQB5/src/project_trace_reset.jl:235 [inlined]
project! at /mnt/users/jovanovic/.julia/packages/QuantumClifford/GSQB5/src/project_trace_reset.jl:234 [inlined]
zassenhausen_state at /mnt/users/jovanovic/GitHub/Subsystem-Code-Physics/AdditionalStructure/Julia/HelperTools.jl:223
zassenhausen_alg at /mnt/users/jovanovic/GitHub/Subsystem-Code-Physics/AdditionalStructure/Julia/HelperTools.jl:242
general_zassenhausen_correlator at /mnt/users/jovanovic/GitHub/Subsystem-Code-Physics/AdditionalStructure/Julia/Measurements.jl:143
main at /mnt/users/jovanovic/GitHub/Subsystem-Code-Physics/Remote-Hydra/Toric_Code/toric_code-Zassenhausen.jl:69
unknown function (ip: 0x7fb3ea5a0cb5)
_jl_invoke at /cache/build/builder-amdci4-6/julialang/julia-release-1-dot-10/src/gf.c:2894 [inlined]
ijl_apply_generic at /cache/build/builder-amdci4-6/julialang/julia-release-1-dot-10/src/gf.c:3076
macro expansion at ./timing.jl:279 [inlined]
top-level scope at /mnt/users/jovanovic/GitHub/Subsystem-Code-Physics/Remote-Hydra/Toric_Code/toric_code-Zassenhausen.jl:269
jl_toplevel_eval_flex at /cache/build/builder-amdci4-6/julialang/julia-release-1-dot-10/src/toplevel.c:925
jl_toplevel_eval_flex at /cache/build/builder-amdci4-6/julialang/julia-release-1-dot-10/src/toplevel.c:877
jl_toplevel_eval_flex at /cache/build/builder-amdci4-6/julialang/julia-release-1-dot-10/src/toplevel.c:877
ijl_toplevel_eval_in at /cache/build/builder-amdci4-6/julialang/julia-release-1-dot-10/src/toplevel.c:985
