=========================================================
Job submitted date = Sun 2 Jun 15:21:10 BST 2024
1 nodes ( 1 processes per node )
1 hosts used: comp34
Job output begins
-----------------

filename: /mnt/users/jovanovic/GitHub/Subsystem-Code-Physics/Remote-Hydra/Toric_Code/toric_code-Zassenhausen.jl
description: Single Points in the Phase Diagram, Zassenhausen fermi-fermi and bose-bose correlation function.
L: 30
d: 3
sys_type: Init_EdgeSquareLattice_KitaevDoNuT
p_f: 0.2
p_b: 0.21
n_t: 10
subdiv_array: [0, 1, 2, 3, 4, 5, 6, 7, 8, 9, 10, 11, 12, 13, 14, 15, 16, 17, 18, 19, 20, 21, 22, 23, 24, 25, 26, 27, 28, 29, 30]
exp_index: 14
srun: Job step aborted: Waiting up to 32 seconds for job step to finish.
slurmstepd: error: *** STEP 341442.0 ON comp34 CANCELLED AT 2024-06-05T21:24:27 ***
slurmstepd: error: *** JOB 341442 ON comp34 CANCELLED AT 2024-06-05T21:24:27 ***

[215260] signal (15): Terminated
in expression starting at /mnt/users/jovanovic/GitHub/Subsystem-Code-Physics/Remote-Hydra/Toric_Code/toric_code-Zassenhausen.jl:132
gc_mark_outrefs at /cache/build/builder-amdci4-6/julialang/julia-release-1-dot-10/src/gc.c:2376 [inlined]
gc_mark_loop_serial_ at /cache/build/builder-amdci4-6/julialang/julia-release-1-dot-10/src/gc.c:2679
gc_mark_loop_serial at /cache/build/builder-amdci4-6/julialang/julia-release-1-dot-10/src/gc.c:2702
gc_mark_loop at /cache/build/builder-amdci4-6/julialang/julia-release-1-dot-10/src/gc.c:2897 [inlined]
_jl_gc_collect at /cache/build/builder-amdci4-6/julialang/julia-release-1-dot-10/src/gc.c:3221
ijl_gc_collect at /cache/build/builder-amdci4-6/julialang/julia-release-1-dot-10/src/gc.c:3518
maybe_collect at /cache/build/builder-amdci4-6/julialang/julia-release-1-dot-10/src/gc.c:937 [inlined]
jl_gc_pool_alloc_inner at /cache/build/builder-amdci4-6/julialang/julia-release-1-dot-10/src/gc.c:1293 [inlined]
jl_gc_pool_alloc_noinline at /cache/build/builder-amdci4-6/julialang/julia-release-1-dot-10/src/gc.c:1350
jl_gc_alloc_ at /cache/build/builder-amdci4-6/julialang/julia-release-1-dot-10/src/julia_internal.h:477 [inlined]
_new_array_ at /cache/build/builder-amdci4-6/julialang/julia-release-1-dot-10/src/array.c:144 [inlined]
_new_array at /cache/build/builder-amdci4-6/julialang/julia-release-1-dot-10/src/array.c:198 [inlined]
ijl_alloc_array_2d at /cache/build/builder-amdci4-6/julialang/julia-release-1-dot-10/src/array.c:443
Array at ./boot.jl:479 [inlined]
Array at ./boot.jl:487 [inlined]
similar at ./array.jl:420 [inlined]
similar at ./abstractarray.jl:828 [inlined]
_unsafe_getindex at ./multidimensional.jl:901
_getindex at ./multidimensional.jl:889 [inlined]
getindex at ./abstractarray.jl:1288 [inlined]
Tableau at /mnt/users/jovanovic/.julia/packages/QuantumClifford/GSQB5/src/QuantumClifford.jl:158
#MixedDestabilizer#30 at /mnt/users/jovanovic/.julia/packages/QuantumClifford/GSQB5/src/QuantumClifford.jl:554
MixedDestabilizer at /mnt/users/jovanovic/.julia/packages/QuantumClifford/GSQB5/src/QuantumClifford.jl:522 [inlined]
maximally_mixed_state at /mnt/users/jovanovic/GitHub/Subsystem-Code-Physics/AdditionalStructure/Julia/HelperTools.jl:112
zassenhausen_state at /mnt/users/jovanovic/GitHub/Subsystem-Code-Physics/AdditionalStructure/Julia/HelperTools.jl:214
zassenhausen_alg at /mnt/users/jovanovic/GitHub/Subsystem-Code-Physics/AdditionalStructure/Julia/HelperTools.jl:242
general_zassenhausen_correlator at /mnt/users/jovanovic/GitHub/Subsystem-Code-Physics/AdditionalStructure/Julia/Measurements.jl:143
main at /mnt/users/jovanovic/GitHub/Subsystem-Code-Physics/Remote-Hydra/Toric_Code/toric_code-Zassenhausen.jl:69
unknown function (ip: 0x7fab411168c5)
_jl_invoke at /cache/build/builder-amdci4-6/julialang/julia-release-1-dot-10/src/gf.c:2894 [inlined]
ijl_apply_generic at /cache/build/builder-amdci4-6/julialang/julia-release-1-dot-10/src/gf.c:3076
macro expansion at ./timing.jl:279 [inlined]
top-level scope at /mnt/users/jovanovic/GitHub/Subsystem-Code-Physics/Remote-Hydra/Toric_Code/toric_code-Zassenhausen.jl:269
jl_toplevel_eval_flex at /cache/build/builder-amdci4-6/julialang/julia-release-1-dot-10/src/toplevel.c:925
jl_toplevel_eval_flex at /cache/build/builder-amdci4-6/julialang/julia-release-1-dot-10/src/toplevel.c:877
jl_toplevel_eval_flex at /cache/build/builder-amdci4-6/julialang/julia-release-1-dot-10/src/toplevel.c:877
ijl_toplevel_eval_in at /cache/build/builder-amdci4-6/julialang/julia-release-1-dot-10/src/toplevel.c:985
