=========================================================
Job submitted date = Thu 28 Mar 14:42:05 GMT 2024
1 nodes ( 1 processes per node )
1 hosts used: comp94
Job output begins
-----------------

filename: /mnt/users/jovanovic/GitHub/Subsystem-Code-Physics/Remote-Hydra/Toric_Code/toric_code-TEE-FermiBoseCond.jl
L: 54
d: 3
sys_type: Init_EdgeSquareLattice_KitaevDoNuT
p_f_arr: [0.55]
p_b_arr: [0.0, 0.1, 0.35]
subdiv_array: [0, 1, 2, 3, 4, 5, 6, 7, 8, 9, 10, 11, 12, 13, 14, 15, 16, 17, 18, 19, 20, 21, 22, 23, 24, 25, 26, 27, 28, 29, 30, 31, 32, 33, 34, 35, 36, 37, 38, 39, 40, 41, 42, 43, 44, 45, 46, 47, 48, 49, 50, 51, 52, 53, 54]
exp_index: 110
---------------
Job output ends
=========================================================
PBS job: finished date = Fri 29 Mar 07:19:07 GMT 2024
Total run time : 16 Hours 34 Minutes 25 Seconds
=========================================================
