=========================================================
Job submitted date = Sun 2 Jun 15:21:13 BST 2024
1 nodes ( 1 processes per node )
1 hosts used: comp101
Job output begins
-----------------

filename: /mnt/users/jovanovic/GitHub/Subsystem-Code-Physics/Remote-Hydra/Toric_Code/toric_code-Zassenhausen.jl
description: Single Points in the Phase Diagram, Zassenhausen fermi-fermi and bose-bose correlation function.
L: 42
d: 3
sys_type: Init_EdgeSquareLattice_KitaevDoNuT
p_f: 0.2
p_b: 0.21
n_t: 10
subdiv_array: [0, 1, 2, 3, 4, 5, 6, 7, 8, 9, 10, 11, 12, 13, 14, 15, 16, 17, 18, 19, 20, 21, 22, 23, 24, 25, 26, 27, 28, 29, 30, 31, 32, 33, 34, 35, 36, 37, 38, 39, 40, 41, 42]
exp_index: 179
srun: Job step aborted: Waiting up to 32 seconds for job step to finish.
slurmstepd: error: *** JOB 341485 ON comp101 CANCELLED AT 2024-06-05T21:24:27 ***
slurmstepd: error: *** STEP 341485.0 ON comp101 CANCELLED AT 2024-06-05T21:24:27 ***

[487178] signal (15): Terminated
in expression starting at /mnt/users/jovanovic/GitHub/Subsystem-Code-Physics/Remote-Hydra/Toric_Code/toric_code-Zassenhausen.jl:132
getindex at ./essentials.jl:14 [inlined]
macro expansion at ./multidimensional.jl:917 [inlined]
macro expansion at ./cartesian.jl:64 [inlined]
_unsafe_getindex! at ./multidimensional.jl:912 [inlined]
_unsafe_getindex at ./multidimensional.jl:903 [inlined]
_getindex at ./multidimensional.jl:889 [inlined]
getindex at ./abstractarray.jl:1288 [inlined]
#22 at ./none:0
iterate at ./generator.jl:47
unknown function (ip: 0x7f8d5ed47e9c)
_jl_invoke at /cache/build/builder-amdci4-6/julialang/julia-release-1-dot-10/src/gf.c:2894 [inlined]
ijl_apply_generic at /cache/build/builder-amdci4-6/julialang/julia-release-1-dot-10/src/gf.c:3076
do_apply at /cache/build/builder-amdci4-6/julialang/julia-release-1-dot-10/src/builtins.c:756
Tableau at /mnt/users/jovanovic/.julia/packages/QuantumClifford/GSQB5/src/QuantumClifford.jl:148 [inlined]
Tableau at /mnt/users/jovanovic/.julia/packages/QuantumClifford/GSQB5/src/QuantumClifford.jl:158
