=========================================================
Job submitted date = Sun 2 Jun 15:21:39 BST 2024
1 nodes ( 1 processes per node )
1 hosts used: comp74
Job output begins
-----------------

filename: /mnt/users/jovanovic/GitHub/Subsystem-Code-Physics/Remote-Hydra/Toric_Code/toric_code-Zassenhausen.jl
description: Single Points in the Phase Diagram, Zassenhausen fermi-fermi and bose-bose correlation function.
L: 30
d: 3
sys_type: Init_EdgeSquareLattice_KitaevDoNuT
p_f: 0.2
p_b: 0.21
n_t: 10
subdiv_array: [0, 1, 2, 3, 4, 5, 6, 7, 8, 9, 10, 11, 12, 13, 14, 15, 16, 17, 18, 19, 20, 21, 22, 23, 24, 25, 26, 27, 28, 29, 30]
exp_index: 482
srun: Job step aborted: Waiting up to 32 seconds for job step to finish.
slurmstepd: error: *** STEP 341822.0 ON comp74 CANCELLED AT 2024-06-05T21:24:27 ***
slurmstepd: error: *** JOB 341822 ON comp74 CANCELLED AT 2024-06-05T21:24:27 ***

[377048] signal (15): Terminated
in expression starting at /mnt/users/jovanovic/GitHub/Subsystem-Code-Physics/Remote-Hydra/Toric_Code/toric_code-Zassenhausen.jl:132
== at ./promotion.jl:521 [inlined]
== at ./promotion.jl:461 [inlined]
!= at ./operators.jl:276 [inlined]
getindex at /mnt/users/jovanovic/.julia/packages/QuantumClifford/GSQB5/src/QuantumClifford.jl:175 [inlined]
getindex at /mnt/users/jovanovic/.julia/packages/QuantumClifford/GSQB5/src/QuantumClifford.jl:368 [inlined]
#_canonicalize_clip!#263 at /mnt/users/jovanovic/.julia/packages/QuantumClifford/GSQB5/src/entanglement.jl:107
_canonicalize_clip! at /mnt/users/jovanovic/.julia/packages/QuantumClifford/GSQB5/src/entanglement.jl:37 [inlined]
macro expansion at /mnt/users/jovanovic/.julia/packages/QuantumClifford/GSQB5/src/macrotools.jl:12 [inlined]
#canonicalize_clip!#262 at /mnt/users/jovanovic/.julia/packages/QuantumClifford/GSQB5/src/entanglement.jl:35 [inlined]
canonicalize_clip! at /mnt/users/jovanovic/.julia/packages/QuantumClifford/GSQB5/src/entanglement.jl:34 [inlined]
#bigram#272 at /mnt/users/jovanovic/.julia/packages/QuantumClifford/GSQB5/src/entanglement.jl:147
bigram at /mnt/users/jovanovic/.julia/packages/QuantumClifford/GSQB5/src/entanglement.jl:146 [inlined]
#entanglement_entropy#277 at /mnt/users/jovanovic/.julia/packages/QuantumClifford/GSQB5/src/entanglement.jl:187 [inlined]
entanglement_entropy at /mnt/users/jovanovic/.julia/packages/QuantumClifford/GSQB5/src/entanglement.jl:185 [inlined]
zassenhausen_alg at /mnt/users/jovanovic/GitHub/Subsystem-Code-Physics/AdditionalStructure/Julia/HelperTools.jl:234
general_zassenhausen_correlator at /mnt/users/jovanovic/GitHub/Subsystem-Code-Physics/AdditionalStructure/Julia/Measurements.jl:144
main at /mnt/users/jovanovic/GitHub/Subsystem-Code-Physics/Remote-Hydra/Toric_Code/toric_code-Zassenhausen.jl:70
unknown function (ip: 0x7f43aae9fcc5)
_jl_invoke at /cache/build/builder-amdci4-6/julialang/julia-release-1-dot-10/src/gf.c:2894 [inlined]
ijl_apply_generic at /cache/build/builder-amdci4-6/julialang/julia-release-1-dot-10/src/gf.c:3076
macro expansion at ./timing.jl:279 [inlined]
top-level scope at /mnt/users/jovanovic/GitHub/Subsystem-Code-Physics/Remote-Hydra/Toric_Code/toric_code-Zassenhausen.jl:269
jl_toplevel_eval_flex at /cache/build/builder-amdci4-6/julialang/julia-release-1-dot-10/src/toplevel.c:925
jl_toplevel_eval_flex at /cache/build/builder-amdci4-6/julialang/julia-release-1-dot-10/src/toplevel.c:877
jl_toplevel_eval_flex at /cache/build/builder-amdci4-6/julialang/julia-release-1-dot-10/src/toplevel.c:877
ijl_toplevel_eval_in at /cache/build/builder-amdci4-6/julialang/julia-release-1-dot-10/src/toplevel.c:985
