=========================================================
Job submitted date = Sun 2 Jun 11:20:43 BST 2024
1 nodes ( 1 processes per node )
1 hosts used: comp35
Job output begins
-----------------

filename: /mnt/users/jovanovic/GitHub/Subsystem-Code-Physics/Remote-Hydra/Toric_Code/toric_code-SinglePointPD.jl
description: Single Points in the Phase Diagram, TEE and EE cut.
L: 66
d: 3
sys_type: Init_EdgeSquareLattice_KitaevDoNuT
p_f: 0.55
p_b: 0.025
p_fe: 0.1
n_t: 100
subdiv_array: [0, 1, 2, 3, 4, 5, 6, 7, 8, 9, 10, 11, 12, 13, 14, 15, 16, 17, 18, 19, 20, 21, 22, 23, 24, 25, 26, 27, 28, 29, 30, 31, 32, 33, 34, 35, 36, 37, 38, 39, 40, 41, 42, 43, 44, 45, 46, 47, 48, 49, 50, 51, 52, 53, 54, 55, 56, 57, 58, 59, 60, 61, 62, 63, 64, 65, 66]
exp_index: 232
78762.931925 seconds (213.71 M allocations: 454.257 GiB, 0.09% gc time, 0.01% compilation time: <1% of which was recompilation)
---------------
Job output ends
=========================================================
PBS job: finished date = Tue 4 Jun 14:29:00 BST 2024
Total run time : 21 Hours 52 Minutes 53 Seconds
=========================================================
